{"C:\\Users\\Li-am Hemo\\Desktop\\web assignments\\assignment2\\src\\index.ts": {"path":"C:\\Users\\Li-am Hemo\\Desktop\\web assignments\\assignment2\\src\\index.ts","statementMap":{"0":{"start":{"line":1,"column":0},"end":{"line":1,"column":48}},"1":{"start":{"line":2,"column":0},"end":{"line":2,"column":32}},"2":{"start":{"line":3,"column":0},"end":{"line":3,"column":28}},"3":{"start":{"line":4,"column":0},"end":{"line":4,"column":36}},"4":{"start":{"line":5,"column":0},"end":{"line":5,"column":51}},"5":{"start":{"line":6,"column":0},"end":{"line":6,"column":45}},"6":{"start":{"line":7,"column":0},"end":{"line":7,"column":45}},"7":{"start":{"line":9,"column":12},"end":{"line":9,"column":21}},"8":{"start":{"line":11,"column":15},"end":{"line":35,"column":1}},"9":{"start":{"line":12,"column":2},"end":{"line":34,"column":5}},"10":{"start":{"line":13,"column":4},"end":{"line":13,"column":53}},"11":{"start":{"line":14,"column":4},"end":{"line":14,"column":28}},"12":{"start":{"line":16,"column":4},"end":{"line":16,"column":33}},"13":{"start":{"line":17,"column":4},"end":{"line":17,"column":39}},"14":{"start":{"line":18,"column":4},"end":{"line":18,"column":33}},"15":{"start":{"line":20,"column":18},"end":{"line":20,"column":41}},"16":{"start":{"line":21,"column":4},"end":{"line":24,"column":5}},"17":{"start":{"line":22,"column":6},"end":{"line":22,"column":80}},"18":{"start":{"line":23,"column":6},"end":{"line":23,"column":61}},"19":{"start":{"line":26,"column":4},"end":{"line":29,"column":21}},"20":{"start":{"line":28,"column":18},"end":{"line":28,"column":30}},"21":{"start":{"line":31,"column":15},"end":{"line":31,"column":34}},"22":{"start":{"line":32,"column":4},"end":{"line":32,"column":52}},"23":{"start":{"line":32,"column":30},"end":{"line":32,"column":50}},"24":{"start":{"line":33,"column":4},"end":{"line":33,"column":63}},"25":{"start":{"line":33,"column":26},"end":{"line":33,"column":61}},"26":{"start":{"line":37,"column":13},"end":{"line":37,"column":45}},"27":{"start":{"line":38,"column":0},"end":{"line":49,"column":1}},"28":{"start":{"line":39,"column":2},"end":{"line":48,"column":7}},"29":{"start":{"line":41,"column":6},"end":{"line":43,"column":9}},"30":{"start":{"line":42,"column":8},"end":{"line":42,"column":66}},"31":{"start":{"line":46,"column":6},"end":{"line":46,"column":48}},"32":{"start":{"line":47,"column":6},"end":{"line":47,"column":22}},"33":{"start":{"line":51,"column":0},"end":{"line":51,"column":22}}},"fnMap":{"0":{"name":"(anonymous_1)","decl":{"start":{"line":11,"column":15},"end":{"line":11,"column":18}},"loc":{"start":{"line":11,"column":20},"end":{"line":35,"column":1}}},"1":{"name":"(anonymous_2)","decl":{"start":{"line":12,"column":30},"end":{"line":12,"column":31}},"loc":{"start":{"line":12,"column":50},"end":{"line":34,"column":3}}},"2":{"name":"(anonymous_3)","decl":{"start":{"line":28,"column":12},"end":{"line":28,"column":15}},"loc":{"start":{"line":28,"column":18},"end":{"line":28,"column":30}}},"3":{"name":"(anonymous_4)","decl":{"start":{"line":32,"column":19},"end":{"line":32,"column":20}},"loc":{"start":{"line":32,"column":30},"end":{"line":32,"column":50}}},"4":{"name":"(anonymous_5)","decl":{"start":{"line":33,"column":20},"end":{"line":33,"column":23}},"loc":{"start":{"line":33,"column":26},"end":{"line":33,"column":61}}},"5":{"name":"(anonymous_6)","decl":{"start":{"line":40,"column":10},"end":{"line":40,"column":11}},"loc":{"start":{"line":40,"column":18},"end":{"line":44,"column":5}}},"6":{"name":"(anonymous_7)","decl":{"start":{"line":41,"column":23},"end":{"line":41,"column":26}},"loc":{"start":{"line":41,"column":28},"end":{"line":43,"column":7}}},"7":{"name":"(anonymous_8)","decl":{"start":{"line":45,"column":11},"end":{"line":45,"column":12}},"loc":{"start":{"line":45,"column":19},"end":{"line":48,"column":5}}}},"branchMap":{"0":{"loc":{"start":{"line":21,"column":4},"end":{"line":24,"column":5}},"type":"if","locations":[{"start":{"line":21,"column":4},"end":{"line":24,"column":5}},{"start":{},"end":{}}]},"1":{"loc":{"start":{"line":37,"column":20},"end":{"line":37,"column":44}},"type":"cond-expr","locations":[{"start":{"line":37,"column":36},"end":{"line":37,"column":40}},{"start":{"line":37,"column":40},"end":{"line":37,"column":44}}]},"2":{"loc":{"start":{"line":37,"column":20},"end":{"line":37,"column":40}},"type":"binary-expr","locations":[{"start":{"line":37,"column":20},"end":{"line":37,"column":40}},{"start":{"line":37,"column":36},"end":{"line":37,"column":40}}]},"3":{"loc":{"start":{"line":38,"column":0},"end":{"line":49,"column":1}},"type":"if","locations":[{"start":{"line":38,"column":0},"end":{"line":49,"column":1}},{"start":{},"end":{}}]}},"s":{"0":2,"1":2,"2":2,"3":2,"4":2,"5":2,"6":2,"7":2,"8":2,"9":2,"10":2,"11":2,"12":2,"13":2,"14":2,"15":2,"16":2,"17":0,"18":0,"19":2,"20":2,"21":2,"22":2,"23":0,"24":2,"25":2,"26":2,"27":2,"28":0,"29":0,"30":0,"31":0,"32":0,"33":2},"f":{"0":2,"1":2,"2":2,"3":0,"4":2,"5":0,"6":0,"7":0},"b":{"0":[0,2],"1":[2,0],"2":[2,2],"3":[0,2]}}
,"C:\\Users\\Li-am Hemo\\Desktop\\web assignments\\assignment2\\src\\controllers\\commentController.ts": {"path":"C:\\Users\\Li-am Hemo\\Desktop\\web assignments\\assignment2\\src\\controllers\\commentController.ts","statementMap":{"0":{"start":{"line":1,"column":0},"end":{"line":1,"column":69}},"1":{"start":{"line":2,"column":0},"end":{"line":2,"column":52}},"2":{"start":{"line":7,"column":4},"end":{"line":7,"column":24}},"3":{"start":{"line":11,"column":0},"end":{"line":11,"column":39}}},"fnMap":{"0":{"name":"(anonymous_1)","decl":{"start":{"line":6,"column":2},"end":{"line":6,"column":null}},"loc":{"start":{"line":6,"column":2},"end":{"line":8,"column":3}}}},"branchMap":{},"s":{"0":2,"1":2,"2":2,"3":2},"f":{"0":2},"b":{}}
,"C:\\Users\\Li-am Hemo\\Desktop\\web assignments\\assignment2\\src\\controllers\\genericController.ts": {"path":"C:\\Users\\Li-am Hemo\\Desktop\\web assignments\\assignment2\\src\\controllers\\genericController.ts","statementMap":{"0":{"start":{"line":8,"column":4},"end":{"line":8,"column":27}},"1":{"start":{"line":12,"column":16},"end":{"line":12,"column":24}},"2":{"start":{"line":13,"column":4},"end":{"line":21,"column":5}},"3":{"start":{"line":14,"column":23},"end":{"line":14,"column":51}},"4":{"start":{"line":15,"column":6},"end":{"line":15,"column":37}},"5":{"start":{"line":17,"column":6},"end":{"line":20,"column":9}},"6":{"start":{"line":25,"column":15},"end":{"line":25,"column":29}},"7":{"start":{"line":26,"column":16},"end":{"line":26,"column":38}},"8":{"start":{"line":28,"column":4},"end":{"line":43,"column":5}},"9":{"start":{"line":29,"column":22},"end":{"line":31,"column":8}},"10":{"start":{"line":33,"column":6},"end":{"line":35,"column":7}},"11":{"start":{"line":34,"column":8},"end":{"line":34,"column":79}},"12":{"start":{"line":37,"column":6},"end":{"line":37,"column":36}},"13":{"start":{"line":39,"column":6},"end":{"line":42,"column":9}},"14":{"start":{"line":47,"column":19},"end":{"line":47,"column":28}},"15":{"start":{"line":48,"column":4},"end":{"line":73,"column":5}},"16":{"start":{"line":49,"column":6},"end":{"line":63,"column":7}},"17":{"start":{"line":50,"column":21},"end":{"line":50,"column":50}},"18":{"start":{"line":51,"column":8},"end":{"line":55,"column":9}},"19":{"start":{"line":52,"column":10},"end":{"line":54,"column":69}},"20":{"start":{"line":56,"column":8},"end":{"line":56,"column":35}},"21":{"start":{"line":58,"column":21},"end":{"line":58,"column":44}},"22":{"start":{"line":59,"column":8},"end":{"line":61,"column":9}},"23":{"start":{"line":60,"column":10},"end":{"line":60,"column":67}},"24":{"start":{"line":62,"column":8},"end":{"line":62,"column":35}},"25":{"start":{"line":65,"column":6},"end":{"line":72,"column":11}},"26":{"start":{"line":77,"column":15},"end":{"line":77,"column":29}},"27":{"start":{"line":78,"column":4},"end":{"line":94,"column":5}},"28":{"start":{"line":79,"column":19},"end":{"line":79,"column":48}},"29":{"start":{"line":80,"column":6},"end":{"line":84,"column":7}},"30":{"start":{"line":81,"column":8},"end":{"line":81,"column":79}},"31":{"start":{"line":83,"column":8},"end":{"line":83,"column":23}},"32":{"start":{"line":86,"column":6},"end":{"line":93,"column":11}},"33":{"start":{"line":98,"column":15},"end":{"line":98,"column":29}},"34":{"start":{"line":99,"column":4},"end":{"line":116,"column":5}},"35":{"start":{"line":100,"column":23},"end":{"line":100,"column":61}},"36":{"start":{"line":102,"column":6},"end":{"line":104,"column":7}},"37":{"start":{"line":103,"column":8},"end":{"line":103,"column":79}},"38":{"start":{"line":106,"column":6},"end":{"line":106,"column":37}},"39":{"start":{"line":108,"column":6},"end":{"line":115,"column":11}},"40":{"start":{"line":119,"column":0},"end":{"line":119,"column":33}}},"fnMap":{"0":{"name":"(anonymous_7)","decl":{"start":{"line":7,"column":2},"end":{"line":7,"column":14}},"loc":{"start":{"line":7,"column":28},"end":{"line":9,"column":3}}},"1":{"name":"(anonymous_8)","decl":{"start":{"line":11,"column":8},"end":{"line":11,"column":14}},"loc":{"start":{"line":11,"column":42},"end":{"line":22,"column":null}}},"2":{"name":"(anonymous_10)","decl":{"start":{"line":24,"column":8},"end":{"line":24,"column":14}},"loc":{"start":{"line":24,"column":42},"end":{"line":44,"column":null}}},"3":{"name":"(anonymous_12)","decl":{"start":{"line":46,"column":8},"end":{"line":46,"column":11}},"loc":{"start":{"line":46,"column":39},"end":{"line":74,"column":null}}},"4":{"name":"(anonymous_14)","decl":{"start":{"line":76,"column":8},"end":{"line":76,"column":15}},"loc":{"start":{"line":76,"column":43},"end":{"line":95,"column":null}}},"5":{"name":"(anonymous_16)","decl":{"start":{"line":97,"column":8},"end":{"line":97,"column":14}},"loc":{"start":{"line":97,"column":42},"end":{"line":117,"column":null}}}},"branchMap":{"0":{"loc":{"start":{"line":19,"column":10},"end":{"line":19,"column":78}},"type":"cond-expr","locations":[{"start":{"line":19,"column":35},"end":{"line":19,"column":48}},{"start":{"line":19,"column":51},"end":{"line":19,"column":78}}]},"1":{"loc":{"start":{"line":33,"column":6},"end":{"line":35,"column":7}},"type":"if","locations":[{"start":{"line":33,"column":6},"end":{"line":35,"column":7}},{"start":{},"end":{}}]},"2":{"loc":{"start":{"line":41,"column":10},"end":{"line":41,"column":78}},"type":"cond-expr","locations":[{"start":{"line":41,"column":35},"end":{"line":41,"column":48}},{"start":{"line":41,"column":51},"end":{"line":41,"column":78}}]},"3":{"loc":{"start":{"line":49,"column":6},"end":{"line":63,"column":7}},"type":"if","locations":[{"start":{"line":49,"column":6},"end":{"line":63,"column":7}},{"start":{"line":57,"column":13},"end":{"line":63,"column":7}}]},"4":{"loc":{"start":{"line":51,"column":8},"end":{"line":55,"column":9}},"type":"if","locations":[{"start":{"line":51,"column":8},"end":{"line":55,"column":9}},{"start":{},"end":{}}]},"5":{"loc":{"start":{"line":59,"column":8},"end":{"line":61,"column":9}},"type":"if","locations":[{"start":{"line":59,"column":8},"end":{"line":61,"column":9}},{"start":{},"end":{}}]},"6":{"loc":{"start":{"line":69,"column":12},"end":{"line":71,"column":43}},"type":"cond-expr","locations":[{"start":{"line":70,"column":16},"end":{"line":70,"column":29}},{"start":{"line":71,"column":16},"end":{"line":71,"column":43}}]},"7":{"loc":{"start":{"line":80,"column":6},"end":{"line":84,"column":7}},"type":"if","locations":[{"start":{"line":80,"column":6},"end":{"line":84,"column":7}},{"start":{"line":82,"column":13},"end":{"line":84,"column":7}}]},"8":{"loc":{"start":{"line":90,"column":12},"end":{"line":92,"column":43}},"type":"cond-expr","locations":[{"start":{"line":91,"column":16},"end":{"line":91,"column":29}},{"start":{"line":92,"column":16},"end":{"line":92,"column":43}}]},"9":{"loc":{"start":{"line":102,"column":6},"end":{"line":104,"column":7}},"type":"if","locations":[{"start":{"line":102,"column":6},"end":{"line":104,"column":7}},{"start":{},"end":{}}]},"10":{"loc":{"start":{"line":112,"column":12},"end":{"line":114,"column":43}},"type":"cond-expr","locations":[{"start":{"line":113,"column":16},"end":{"line":113,"column":29}},{"start":{"line":114,"column":16},"end":{"line":114,"column":43}}]}},"s":{"0":6,"1":20,"2":20,"3":20,"4":20,"5":0,"6":1,"7":1,"8":1,"9":1,"10":1,"11":0,"12":1,"13":0,"14":3,"15":3,"16":3,"17":3,"18":3,"19":0,"20":3,"21":0,"22":0,"23":0,"24":0,"25":0,"26":3,"27":3,"28":3,"29":3,"30":1,"31":2,"32":0,"33":1,"34":1,"35":1,"36":1,"37":0,"38":1,"39":0,"40":2},"f":{"0":6,"1":20,"2":1,"3":3,"4":3,"5":1},"b":{"0":[0,0],"1":[0,1],"2":[0,0],"3":[3,0],"4":[0,3],"5":[0,0],"6":[0,0],"7":[1,2],"8":[0,0],"9":[0,1],"10":[0,0]}}
,"C:\\Users\\Li-am Hemo\\Desktop\\web assignments\\assignment2\\src\\controllers\\postController.ts": {"path":"C:\\Users\\Li-am Hemo\\Desktop\\web assignments\\assignment2\\src\\controllers\\postController.ts","statementMap":{"0":{"start":{"line":1,"column":0},"end":{"line":1,"column":60}},"1":{"start":{"line":2,"column":0},"end":{"line":2,"column":52}},"2":{"start":{"line":6,"column":4},"end":{"line":6,"column":21}},"3":{"start":{"line":10,"column":0},"end":{"line":10,"column":36}}},"fnMap":{"0":{"name":"(anonymous_1)","decl":{"start":{"line":5,"column":2},"end":{"line":5,"column":null}},"loc":{"start":{"line":5,"column":2},"end":{"line":7,"column":3}}}},"branchMap":{},"s":{"0":2,"1":2,"2":2,"3":2},"f":{"0":2},"b":{}}
,"C:\\Users\\Li-am Hemo\\Desktop\\web assignments\\assignment2\\src\\controllers\\userController.ts": {"path":"C:\\Users\\Li-am Hemo\\Desktop\\web assignments\\assignment2\\src\\controllers\\userController.ts","statementMap":{"0":{"start":{"line":2,"column":0},"end":{"line":2,"column":60}},"1":{"start":{"line":3,"column":0},"end":{"line":3,"column":52}},"2":{"start":{"line":7,"column":4},"end":{"line":7,"column":21}},"3":{"start":{"line":11,"column":15},"end":{"line":11,"column":29}},"4":{"start":{"line":12,"column":56},"end":{"line":12,"column":64}},"5":{"start":{"line":14,"column":4},"end":{"line":48,"column":5}},"6":{"start":{"line":15,"column":6},"end":{"line":17,"column":7}},"7":{"start":{"line":16,"column":8},"end":{"line":16,"column":74}},"8":{"start":{"line":19,"column":6},"end":{"line":28,"column":7}},"9":{"start":{"line":20,"column":29},"end":{"line":23,"column":10}},"10":{"start":{"line":25,"column":8},"end":{"line":27,"column":9}},"11":{"start":{"line":26,"column":10},"end":{"line":26,"column":76}},"12":{"start":{"line":30,"column":26},"end":{"line":36,"column":28}},"13":{"start":{"line":38,"column":6},"end":{"line":40,"column":7}},"14":{"start":{"line":39,"column":8},"end":{"line":39,"column":79}},"15":{"start":{"line":42,"column":6},"end":{"line":42,"column":47}},"16":{"start":{"line":44,"column":6},"end":{"line":47,"column":9}},"17":{"start":{"line":52,"column":0},"end":{"line":52,"column":36}}},"fnMap":{"0":{"name":"(anonymous_8)","decl":{"start":{"line":6,"column":2},"end":{"line":6,"column":null}},"loc":{"start":{"line":6,"column":2},"end":{"line":8,"column":3}}},"1":{"name":"(anonymous_9)","decl":{"start":{"line":10,"column":8},"end":{"line":10,"column":14}},"loc":{"start":{"line":10,"column":42},"end":{"line":49,"column":null}}}},"branchMap":{"0":{"loc":{"start":{"line":15,"column":6},"end":{"line":17,"column":7}},"type":"if","locations":[{"start":{"line":15,"column":6},"end":{"line":17,"column":7}},{"start":{},"end":{}}]},"1":{"loc":{"start":{"line":19,"column":6},"end":{"line":28,"column":7}},"type":"if","locations":[{"start":{"line":19,"column":6},"end":{"line":28,"column":7}},{"start":{},"end":{}}]},"2":{"loc":{"start":{"line":25,"column":8},"end":{"line":27,"column":9}},"type":"if","locations":[{"start":{"line":25,"column":8},"end":{"line":27,"column":9}},{"start":{},"end":{}}]},"3":{"loc":{"start":{"line":38,"column":6},"end":{"line":40,"column":7}},"type":"if","locations":[{"start":{"line":38,"column":6},"end":{"line":40,"column":7}},{"start":{},"end":{}}]},"4":{"loc":{"start":{"line":46,"column":10},"end":{"line":46,"column":78}},"type":"cond-expr","locations":[{"start":{"line":46,"column":35},"end":{"line":46,"column":48}},{"start":{"line":46,"column":51},"end":{"line":46,"column":78}}]}},"s":{"0":2,"1":2,"2":2,"3":1,"4":1,"5":1,"6":1,"7":0,"8":1,"9":1,"10":1,"11":0,"12":1,"13":1,"14":0,"15":1,"16":0,"17":2},"f":{"0":2,"1":1},"b":{"0":[0,1],"1":[1,0],"2":[0,1],"3":[0,1],"4":[0,0]}}
,"C:\\Users\\Li-am Hemo\\Desktop\\web assignments\\assignment2\\src\\models\\commentModel.ts": {"path":"C:\\Users\\Li-am Hemo\\Desktop\\web assignments\\assignment2\\src\\models\\commentModel.ts","statementMap":{"0":{"start":{"line":1,"column":0},"end":{"line":1,"column":32}},"1":{"start":{"line":10,"column":22},"end":{"line":23,"column":2}},"2":{"start":{"line":25,"column":21},"end":{"line":25,"column":61}},"3":{"start":{"line":27,"column":9},"end":{"line":27,"column":21}}},"fnMap":{},"branchMap":{},"s":{"0":2,"1":2,"2":2,"3":2},"f":{},"b":{}}
,"C:\\Users\\Li-am Hemo\\Desktop\\web assignments\\assignment2\\src\\models\\postModel.ts": {"path":"C:\\Users\\Li-am Hemo\\Desktop\\web assignments\\assignment2\\src\\models\\postModel.ts","statementMap":{"0":{"start":{"line":1,"column":0},"end":{"line":1,"column":32}},"1":{"start":{"line":9,"column":19},"end":{"line":18,"column":2}},"2":{"start":{"line":20,"column":18},"end":{"line":20,"column":52}},"3":{"start":{"line":21,"column":9},"end":{"line":21,"column":18}}},"fnMap":{},"branchMap":{},"s":{"0":2,"1":2,"2":2,"3":2},"f":{},"b":{}}
,"C:\\Users\\Li-am Hemo\\Desktop\\web assignments\\assignment2\\src\\models\\userModel.ts": {"path":"C:\\Users\\Li-am Hemo\\Desktop\\web assignments\\assignment2\\src\\models\\userModel.ts","statementMap":{"0":{"start":{"line":1,"column":0},"end":{"line":1,"column":32}},"1":{"start":{"line":11,"column":19},"end":{"line":29,"column":2}},"2":{"start":{"line":31,"column":18},"end":{"line":31,"column":52}},"3":{"start":{"line":32,"column":9},"end":{"line":32,"column":18}}},"fnMap":{},"branchMap":{},"s":{"0":2,"1":2,"2":2,"3":2},"f":{},"b":{}}
,"C:\\Users\\Li-am Hemo\\Desktop\\web assignments\\assignment2\\src\\routes\\commentRoutes.ts": {"path":"C:\\Users\\Li-am Hemo\\Desktop\\web assignments\\assignment2\\src\\routes\\commentRoutes.ts","statementMap":{"0":{"start":{"line":1,"column":0},"end":{"line":1,"column":30}},"1":{"start":{"line":2,"column":15},"end":{"line":2,"column":31}},"2":{"start":{"line":3,"column":0},"end":{"line":3,"column":65}},"3":{"start":{"line":5,"column":0},"end":{"line":5,"column":67}},"4":{"start":{"line":6,"column":0},"end":{"line":6,"column":73}},"5":{"start":{"line":7,"column":0},"end":{"line":7,"column":70}},"6":{"start":{"line":8,"column":0},"end":{"line":8,"column":63}},"7":{"start":{"line":9,"column":0},"end":{"line":9,"column":71}},"8":{"start":{"line":11,"column":0},"end":{"line":11,"column":22}}},"fnMap":{},"branchMap":{},"s":{"0":2,"1":2,"2":2,"3":2,"4":2,"5":2,"6":2,"7":2,"8":2},"f":{},"b":{}}
,"C:\\Users\\Li-am Hemo\\Desktop\\web assignments\\assignment2\\src\\routes\\postRoutes.ts": {"path":"C:\\Users\\Li-am Hemo\\Desktop\\web assignments\\assignment2\\src\\routes\\postRoutes.ts","statementMap":{"0":{"start":{"line":1,"column":0},"end":{"line":1,"column":30}},"1":{"start":{"line":2,"column":15},"end":{"line":2,"column":31}},"2":{"start":{"line":3,"column":0},"end":{"line":3,"column":59}},"3":{"start":{"line":5,"column":0},"end":{"line":5,"column":61}},"4":{"start":{"line":6,"column":0},"end":{"line":6,"column":67}},"5":{"start":{"line":7,"column":0},"end":{"line":7,"column":64}},"6":{"start":{"line":8,"column":0},"end":{"line":8,"column":57}},"7":{"start":{"line":9,"column":0},"end":{"line":9,"column":65}},"8":{"start":{"line":11,"column":0},"end":{"line":11,"column":22}}},"fnMap":{},"branchMap":{},"s":{"0":2,"1":2,"2":2,"3":2,"4":2,"5":2,"6":2,"7":2,"8":2},"f":{},"b":{}}
,"C:\\Users\\Li-am Hemo\\Desktop\\web assignments\\assignment2\\src\\routes\\userRoutes.ts": {"path":"C:\\Users\\Li-am Hemo\\Desktop\\web assignments\\assignment2\\src\\routes\\userRoutes.ts","statementMap":{"0":{"start":{"line":1,"column":0},"end":{"line":1,"column":30}},"1":{"start":{"line":2,"column":15},"end":{"line":2,"column":31}},"2":{"start":{"line":3,"column":0},"end":{"line":3,"column":59}},"3":{"start":{"line":5,"column":0},"end":{"line":5,"column":61}},"4":{"start":{"line":6,"column":0},"end":{"line":6,"column":67}},"5":{"start":{"line":7,"column":0},"end":{"line":7,"column":64}},"6":{"start":{"line":8,"column":0},"end":{"line":8,"column":57}},"7":{"start":{"line":9,"column":0},"end":{"line":9,"column":65}},"8":{"start":{"line":11,"column":0},"end":{"line":11,"column":22}}},"fnMap":{},"branchMap":{},"s":{"0":2,"1":2,"2":2,"3":2,"4":2,"5":2,"6":2,"7":2,"8":2},"f":{},"b":{}}
}
