TN:
SF:src\index.ts
FN:11,(anonymous_1)
FN:12,(anonymous_2)
FN:28,(anonymous_3)
FN:32,(anonymous_4)
FN:33,(anonymous_5)
FN:40,(anonymous_6)
FN:41,(anonymous_7)
FN:45,(anonymous_8)
FNF:8
FNH:4
FNDA:2,(anonymous_1)
FNDA:2,(anonymous_2)
FNDA:2,(anonymous_3)
FNDA:0,(anonymous_4)
FNDA:2,(anonymous_5)
FNDA:0,(anonymous_6)
FNDA:0,(anonymous_7)
FNDA:0,(anonymous_8)
DA:1,2
DA:2,2
DA:3,2
DA:4,2
DA:5,2
DA:6,2
DA:7,2
DA:9,2
DA:11,2
DA:12,2
DA:13,2
DA:14,2
DA:16,2
DA:17,2
DA:18,2
DA:20,2
DA:21,2
DA:22,0
DA:23,0
DA:26,2
DA:28,2
DA:31,2
DA:32,2
DA:33,2
DA:37,2
DA:38,2
DA:39,0
DA:41,0
DA:42,0
DA:46,0
DA:47,0
DA:51,2
LF:32
LH:25
BRDA:21,0,0,0
BRDA:21,0,1,2
BRDA:37,1,0,2
BRDA:37,1,1,0
BRDA:37,2,0,2
BRDA:37,2,1,2
BRDA:38,3,0,0
BRDA:38,3,1,2
BRF:8
BRH:5
end_of_record
TN:
SF:src\controllers\commentController.ts
FN:6,(anonymous_1)
FNF:1
FNH:1
FNDA:2,(anonymous_1)
DA:1,2
DA:2,2
DA:7,2
DA:11,2
LF:4
LH:4
BRF:0
BRH:0
end_of_record
TN:
SF:src\controllers\genericController.ts
FN:7,(anonymous_7)
FN:11,(anonymous_8)
FN:24,(anonymous_10)
FN:46,(anonymous_12)
FN:76,(anonymous_14)
FN:97,(anonymous_16)
FNF:6
FNH:6
FNDA:6,(anonymous_7)
FNDA:19,(anonymous_8)
FNDA:1,(anonymous_10)
FNDA:3,(anonymous_12)
FNDA:2,(anonymous_14)
FNDA:1,(anonymous_16)
DA:8,6
DA:12,19
DA:13,19
DA:14,19
DA:15,19
DA:17,0
DA:25,1
DA:26,1
DA:28,1
DA:29,1
DA:33,1
DA:34,0
DA:37,1
DA:39,0
DA:47,3
DA:48,3
DA:49,3
DA:50,3
DA:51,3
DA:52,0
DA:56,3
DA:58,0
DA:59,0
DA:60,0
DA:62,0
DA:65,0
DA:77,2
DA:78,2
DA:79,2
DA:80,2
DA:81,1
DA:83,1
DA:86,0
DA:98,1
DA:99,1
DA:100,1
DA:102,1
DA:103,0
DA:106,1
DA:108,0
DA:119,2
LF:41
LH:29
BRDA:19,0,0,0
BRDA:19,0,1,0
BRDA:33,1,0,0
BRDA:33,1,1,1
BRDA:41,2,0,0
BRDA:41,2,1,0
BRDA:49,3,0,3
BRDA:49,3,1,0
BRDA:51,4,0,0
BRDA:51,4,1,3
BRDA:59,5,0,0
BRDA:59,5,1,0
BRDA:69,6,0,0
BRDA:69,6,1,0
BRDA:80,7,0,1
BRDA:80,7,1,1
BRDA:90,8,0,0
BRDA:90,8,1,0
BRDA:102,9,0,0
BRDA:102,9,1,1
BRDA:112,10,0,0
BRDA:112,10,1,0
BRF:22
BRH:6
end_of_record
TN:
SF:src\controllers\postController.ts
FN:5,(anonymous_1)
FNF:1
FNH:1
FNDA:2,(anonymous_1)
DA:1,2
DA:2,2
DA:6,2
DA:10,2
LF:4
LH:4
BRF:0
BRH:0
end_of_record
TN:
SF:src\controllers\userController.ts
FN:6,(anonymous_8)
FN:10,(anonymous_9)
FNF:2
FNH:2
FNDA:2,(anonymous_8)
FNDA:1,(anonymous_9)
DA:2,2
DA:3,2
DA:7,2
DA:11,1
DA:12,1
DA:14,1
DA:15,1
DA:16,0
DA:19,1
DA:20,1
DA:25,1
DA:26,0
DA:30,1
DA:38,1
DA:39,0
DA:42,1
DA:44,0
DA:52,2
LF:18
LH:14
BRDA:15,0,0,0
BRDA:15,0,1,1
BRDA:19,1,0,1
BRDA:19,1,1,0
BRDA:25,2,0,0
BRDA:25,2,1,1
BRDA:38,3,0,0
BRDA:38,3,1,1
BRDA:46,4,0,0
BRDA:46,4,1,0
BRF:10
BRH:4
end_of_record
TN:
SF:src\models\commentModel.ts
FNF:0
FNH:0
DA:1,2
DA:10,2
DA:25,2
DA:27,2
LF:4
LH:4
BRF:0
BRH:0
end_of_record
TN:
SF:src\models\postModel.ts
FNF:0
FNH:0
DA:1,2
DA:9,2
DA:20,2
DA:21,2
LF:4
LH:4
BRF:0
BRH:0
end_of_record
TN:
SF:src\models\userModel.ts
FNF:0
FNH:0
DA:1,2
DA:11,2
DA:31,2
DA:32,2
LF:4
LH:4
BRF:0
BRH:0
end_of_record
TN:
SF:src\routes\commentRoutes.ts
FNF:0
FNH:0
DA:1,2
DA:2,2
DA:3,2
DA:5,2
DA:6,2
DA:7,2
DA:8,2
DA:9,2
DA:11,2
LF:9
LH:9
BRF:0
BRH:0
end_of_record
TN:
SF:src\routes\postRoutes.ts
FNF:0
FNH:0
DA:1,2
DA:2,2
DA:3,2
DA:5,2
DA:6,2
DA:7,2
DA:8,2
DA:9,2
DA:11,2
LF:9
LH:9
BRF:0
BRH:0
end_of_record
TN:
SF:src\routes\userRoutes.ts
FNF:0
FNH:0
DA:1,2
DA:2,2
DA:3,2
DA:5,2
DA:6,2
DA:7,2
DA:8,2
DA:9,2
DA:11,2
LF:9
LH:9
BRF:0
BRH:0
end_of_record
